<?xml version="1.0" encoding="UTF-8"?>
<!-- Generated by org.testng.reporters.JUnitReportReporter -->
<testsuite skipped="0" hostname="DESKTOP-R2ST6OE" name="functionLib.ItemAdd" tests="2" failures="0" timestamp="30 May 2020 16:20:52 GMT" time="22.197" errors="0">
  <testcase name="removeItem" time="4.520" classname="functionLib.ItemAdd"/>
  <testcase name="addItemToCart" time="17.677" classname="functionLib.ItemAdd"/>
</testsuite> <!-- functionLib.ItemAdd -->
